
*****************************************************
Summary
-------
Generated at: 2025-11-18T18:48:06+05:30

Notes: 0
Binaries: 0
Archives: 0
Standards: 4

Apache Licensed: 0
Generated Documents: 0

JavaDocs are generated, thus a license header is optional.
Generated files do not require license headers.

0 Unknown Licenses

*****************************************************
  Files with Apache License headers will be marked AL
  Binary files (which do not require any license headers) will be marked B
  Compressed archives will be marked A
  Notices, licenses etc. will be marked N
  SPDX  /Volumes/workplace/opensearch/src/opensearch-crypto-generic/src/main/java/org/opensearch/crypto/GenericCryptoPlugin.java
  SPDX  /Volumes/workplace/opensearch/src/opensearch-crypto-generic/src/main/java/org/opensearch/crypto/SimpleCryptoHandler.java
  SPDX  /Volumes/workplace/opensearch/src/opensearch-crypto-generic/src/main/java/org/opensearch/crypto/generic/GenericCryptoHandler.java
  SPDX  /Volumes/workplace/opensearch/src/opensearch-crypto-generic/src/main/java/org/opensearch/crypto/generic/GenericCryptoPlugin.java
 
*****************************************************
